<?xml version="1.0" encoding="UTF-8"?>
<!-- Generated by org.testng.reporters.JUnitReportReporter -->
<testsuite skipped="0" hostname="Prasanna" name="SeleniumDay1.DemoGetattribute" tests="1" failures="0" timestamp="28 Aug 2020 11:10:52 GMT" time="44.668" errors="0">
  <testcase name="google" time="44.668" classname="SeleniumDay1.DemoGetattribute"/>
</testsuite> <!-- SeleniumDay1.DemoGetattribute -->
